<?xml version="1.0" encoding="UTF-8"?>
<!-- Generated by org.testng.reporters.JUnitReportReporter -->
<testsuite hostname="DESKTOP-A136ETG" failures="0" tests="1" name="com.obsqura.TestNGFramework.WebElementCommands" time="8.499" errors="0" timestamp="2023-07-05T08:32:34 IST" skipped="0">
  <testcase classname="com.obsqura.TestNGFramework.WebElementCommands" name="webElementCommand" time="8.499"/>
  <system-out/>
</testsuite> <!-- com.obsqura.TestNGFramework.WebElementCommands -->
