<?xml version="1.0" encoding="UTF-8"?>
<!-- Generated by org.testng.reporters.JUnitReportReporter -->
<testsuite hostname="DESKTOP-A136ETG" failures="0" tests="2" name="com.obsqura.TestNGFramework.WebElementCommands" time="21.060" errors="0" timestamp="2023-07-07T06:59:02 IST" skipped="0">
  <testcase classname="com.obsqura.TestNGFramework.WebElementCommands" name="verifyTwoInputField" time="6.434"/>
  <system-out/>
  <testcase classname="com.obsqura.TestNGFramework.WebElementCommands" name="webElementCommand" time="14.626"/>
  <system-out/>
</testsuite> <!-- com.obsqura.TestNGFramework.WebElementCommands -->
