<?xml version="1.0" encoding="UTF-8"?>
<!-- Generated by org.testng.reporters.JUnitReportReporter -->
<testsuite hostname="DESKTOP-A136ETG" failures="0" tests="1" name="com.obsqura.TestNGFramework.MenuOptions" time="13.865" errors="0" timestamp="2023-07-12T08:06:25 IST" skipped="0">
  <testcase classname="com.obsqura.TestNGFramework.MenuOptions" name="menuOptionsDemo" time="13.865"/>
  <system-out/>
</testsuite> <!-- com.obsqura.TestNGFramework.MenuOptions -->
