<?xml version="1.0" encoding="UTF-8"?>
<!-- Generated by org.testng.reporters.JUnitReportReporter -->
<testsuite hostname="DESKTOP-A136ETG" failures="0" tests="1" name="com.obsqura.TestNGFramework.RadioButtonDemo" time="23.204" errors="0" timestamp="2023-07-12T07:03:39 IST" skipped="0">
  <testcase classname="com.obsqura.TestNGFramework.RadioButtonDemo" name="checkGroupRadioButtons" time="23.204"/>
  <system-out/>
</testsuite> <!-- com.obsqura.TestNGFramework.RadioButtonDemo -->
