<?xml version="1.0" encoding="UTF-8"?>
<!-- Generated by org.testng.reporters.JUnitReportReporter -->
<testsuite hostname="DESKTOP-A136ETG" failures="0" tests="1" name="com.obsqura.TestNGFramework.DropDownDemo" time="57.843" errors="0" timestamp="2023-07-13T08:04:38 IST" skipped="0">
  <testcase classname="com.obsqura.TestNGFramework.DropDownDemo" name="dropDownUsingSelectClass" time="57.843"/>
  <system-out/>
</testsuite> <!-- com.obsqura.TestNGFramework.DropDownDemo -->
