<?xml version="1.0" encoding="UTF-8"?>
<!-- Generated by org.testng.reporters.JUnitReportReporter -->
<testsuite hostname="DESKTOP-A136ETG" failures="0" tests="1" name="com.obsqura.TestNGFramework.CheckBoxDemo" time="12.579" errors="0" timestamp="2023-07-12T06:55:55 IST" skipped="0">
  <testcase classname="com.obsqura.TestNGFramework.CheckBoxDemo" name="checkMultipleCheckBoxSelected" time="12.579"/>
  <system-out/>
</testsuite> <!-- com.obsqura.TestNGFramework.CheckBoxDemo -->
