<?xml version="1.0" encoding="UTF-8"?>
<!-- Generated by org.testng.reporters.JUnitReportReporter -->
<testsuite hostname="DESKTOP-A136ETG" failures="0" tests="1" name="com.obsqura.TestNGFramework.CheckBoxDemo" time="36.486" errors="0" timestamp="2023-07-11T07:56:40 IST" skipped="0">
  <testcase classname="com.obsqura.TestNGFramework.CheckBoxDemo" name="checkBoxDemo" time="36.486"/>
  <system-out/>
</testsuite> <!-- com.obsqura.TestNGFramework.CheckBoxDemo -->
