<?xml version="1.0" encoding="UTF-8"?>
<!-- Generated by org.testng.reporters.JUnitReportReporter -->
<testsuite hostname="DESKTOP-A136ETG" failures="0" tests="1" name="com.obsqura.TestNGFramework.Assertion" time="5.822" errors="0" timestamp="2023-07-11T07:37:53 IST" skipped="0">
  <testcase classname="com.obsqura.TestNGFramework.Assertion" name="verifyEnterValueBisAllignedBelowofEnterValueA" time="5.822"/>
  <system-out/>
</testsuite> <!-- com.obsqura.TestNGFramework.Assertion -->
