<?xml version="1.0" encoding="UTF-8"?>
<!-- Generated by org.testng.reporters.JUnitReportReporter -->
<testsuite hostname="DESKTOP-A136ETG" failures="0" tests="2" name="com.obsqura.TestNGFramework.TestNGAnnotations" time="0.019" errors="0" timestamp="2023-07-05T08:10:49 IST" skipped="0">
  <testcase classname="com.obsqura.TestNGFramework.TestNGAnnotations" name="testCase2" time="0.008"/>
  <system-out/>
  <testcase classname="com.obsqura.TestNGFramework.TestNGAnnotations" name="testCase1" time="0.011"/>
  <system-out/>
</testsuite> <!-- com.obsqura.TestNGFramework.TestNGAnnotations -->
