<?xml version="1.0" encoding="UTF-8"?>
<!-- Generated by org.testng.reporters.JUnitReportReporter -->
<testsuite hostname="DESKTOP-A136ETG" failures="0" tests="1" name="com.obsqura.TestNGFramework.RadioButtonDemo" time="8.002" errors="0" timestamp="2023-07-12T06:43:59 IST" skipped="0">
  <testcase classname="com.obsqura.TestNGFramework.RadioButtonDemo" name="checkGroupRadioButtons" time="8.002"/>
  <system-out/>
</testsuite> <!-- com.obsqura.TestNGFramework.RadioButtonDemo -->
